<?xml version="1.0" encoding="UTF-8"?>
<!-- Generated by org.testng.reporters.JUnitXMLReporter -->
<testsuite ignored="0" hostname="DESKTOP-HSAPT3H" failures="1" tests="9" name="AdminPanel Tests" time="118.688" errors="0" timestamp="2026-04-23T20:25:55 IST">
  <testcase classname="com.adminpanel.tests.FormTest" name="testBasicForm" time="9.187"/>
  <testcase classname="com.adminpanel.tests.FormTest" name="testBasicForm" time="10.016"/>
  <testcase classname="com.adminpanel.tests.TableTest" name="testSortableTable" time="5.341"/>
  <testcase classname="com.adminpanel.tests.TableTest" name="testTableData" time="5.184">
    <failure type="java.lang.AssertionError" message="Table is empty expected [true] but found [false]">
      <![CDATA[java.lang.AssertionError: Table is empty expected [true] but found [false]
at com.adminpanel.tests.TableTest.testTableData(TableTest.java:36)
at java.base/java.util.ArrayList.forEach(ArrayList.java:1511)
... Removed 30 stack frames]]>
    </failure>
  </testcase> <!-- testTableData -->
  <testcase classname="com.adminpanel.tests.AlertTest" name="testAlertAccept" time="6.464"/>
  <testcase classname="com.adminpanel.tests.AlertTest" name="testConfirmDismiss" time="6.95"/>
  <testcase classname="com.adminpanel.tests.DynamicTest" name="testDynamicButtonClick" time="6.86"/>
  <testcase classname="com.adminpanel.tests.DynamicTest" name="testSecondClick" time="6.539"/>
  <testcase classname="com.adminpanel.tests.FrameTest" name="testFrames" time="7.407"/>
</testsuite> <!-- AdminPanel Tests -->
