<?xml version="1.0" encoding="UTF-8"?>
<!-- Generated by org.testng.reporters.JUnitReportReporter -->
<testsuite hostname="DESKTOP-HSAPT3H" failures="0" tests="2" name="com.adminpanel.tests.FormTest" time="32.753" errors="0" timestamp="2026-04-23T20:25:56 IST" skipped="0">
  <testcase classname="com.adminpanel.tests.FormTest" name="testBasicForm" time="14.025"/>
  <testcase classname="com.adminpanel.tests.FormTest" name="testBasicForm" time="18.728"/>
</testsuite> <!-- com.adminpanel.tests.FormTest -->
