<?xml version="1.0" encoding="UTF-8"?>
<!-- Generated by org.testng.reporters.JUnitReportReporter -->
<testsuite hostname="DESKTOP-HSAPT3H" failures="0" tests="2" name="com.adminpanel.tests.AlertTest" time="21.723" errors="0" timestamp="2026-04-23T20:25:56 IST" skipped="0">
  <testcase classname="com.adminpanel.tests.AlertTest" name="testAlertAccept" time="9.370"/>
  <testcase classname="com.adminpanel.tests.AlertTest" name="testConfirmDismiss" time="12.353"/>
</testsuite> <!-- com.adminpanel.tests.AlertTest -->
