<?xml version="1.0" encoding="UTF-8"?>
<!-- Generated by org.testng.reporters.JUnitReportReporter -->
<testsuite hostname="DESKTOP-HSAPT3H" failures="0" tests="2" name="com.adminpanel.tests.DynamicTest" time="29.514" errors="0" timestamp="2026-04-23T20:25:56 IST" skipped="0">
  <testcase classname="com.adminpanel.tests.DynamicTest" name="testDynamicButtonClick" time="13.980"/>
  <testcase classname="com.adminpanel.tests.DynamicTest" name="testSecondClick" time="15.534"/>
</testsuite> <!-- com.adminpanel.tests.DynamicTest -->
